open source     > level 1, order 1, name '/usr/share/texmf-dist/tex/context/base/mkiv/cont-yes.mkiv'
system          > 
system          > ConTeXt  ver: 2018.04.04 00:51 MKIV beta  fmt: 2019.3.16  int: english/english
system          > 
system          > 'cont-new.mkiv' loaded
open source     > level 2, order 2, name '/usr/share/texmf-dist/tex/context/base/mkiv/cont-new.mkiv'
close source    > level 2, order 2, name '/usr/share/texmf-dist/tex/context/base/mkiv/cont-new.mkiv'
system          > files > jobname 'resume', input './resume', result 'resume'
fonts           > latin modern fonts are not preloaded
languages       > language 'en' is active
open source     > level 2, order 3, name '/home/vince/projects/resume_vince/output/resume.tex'
colors          > defining > unknown library 'hex'
open source     > level 3, order 4, name '/usr/share/texmf-dist/tex/context/fonts/mkiv/type-imp-texgyre.mkiv'
close source    > level 3, order 4, name '/usr/share/texmf-dist/tex/context/fonts/mkiv/type-imp-texgyre.mkiv'
structure       > sectioning > section @ level 3 : 0.0.1 -> Houba Vincent
structure       > sectioning > subsection @ level 4 : 0.0.1.1 -> Experience
structure       > sectioning > subsubsection @ level 5 : 0.0.1.1.1 -> Front end engineering - {\bf (Robovision)} - {\bf (June 2018 - April 2019)} - {\bf (Belgium/Ghent)}
structure       > sectioning > subsubsection @ level 5 : 0.0.1.1.2 -> Full Stack Developer - {\bf (Factory)} - {\bf (Aout 2017 - May 2018)} - {\bf (Belgium/Liege)}
structure       > sectioning > subsubsection @ level 5 : 0.0.1.1.3 -> Full Stack Developer - {\bf (Vesperia) } - {\bf (June 2016 - Aout 2017)} - (Luxembourg)
backend         > xmp > using file '/usr/share/texmf-dist/tex/context/base/mkiv/lpdf-pdx.xml'
pages           > flushing realpage 1, userpage 1, subpage 1
structure       > sectioning > subsection @ level 4 : 0.0.1.2 -> Education
structure       > sectioning > subsection @ level 4 : 0.0.1.3 -> Skills
pages           > flushing realpage 2, userpage 2
pages           > flushing realpage 3, userpage 3
structure       > sectioning > subsection @ level 4 : 0.0.1.4 -> Extra
pages           > flushing realpage 4, userpage 4
close source    > level 2, order 4, name '/home/vince/projects/resume_vince/output/resume.tex'
close source    > level 1, order 4, name '/usr/share/texmf-dist/tex/context/base/mkiv/cont-yes.mkiv'

system          > start used files

system          > text: resume

system          > stop used files


system          > start used files

system          >    1: filename=char-prv.lua filetype=tex format=tex foundname=/usr/share/texmf-dist/tex/context/base/mkiv/char-prv.lua fullname=/usr/share/texmf-dist/tex/context/base/mkiv/char-prv.lua usedmethod=database
system          >    2: filename=cont-yes.mkiv filetype=tex foundname=/usr/share/texmf-dist/tex/context/base/mkiv/cont-yes.mkiv fullname=/usr/share/texmf-dist/tex/context/base/mkiv/cont-yes.mkiv usedmethod=database
system          >    3: filename=publ-imp-default.lua filetype=scripts foundname=/usr/share/texmf-dist/tex/context/base/mkiv/publ-imp-default.lua fullname=/usr/share/texmf-dist/tex/context/base/mkiv/publ-imp-default.lua usedmethod=database
system          >    4: filename=cont-new.mkiv filetype=tex foundname=/usr/share/texmf-dist/tex/context/base/mkiv/cont-new.mkiv fullname=/usr/share/texmf-dist/tex/context/base/mkiv/cont-new.mkiv usedmethod=database
system          >    5: filename=lang-exc.lua filetype=scripts foundname=/usr/share/texmf-dist/tex/context/base/mkiv/lang-exc.lua fullname=/usr/share/texmf-dist/tex/context/base/mkiv/lang-exc.lua usedmethod=database
system          >    6: filename=lang-us.lua filetype=scripts foundname=/usr/share/texmf-dist/tex/context/patterns/mkiv/lang-us.lua fullname=/usr/share/texmf-dist/tex/context/patterns/mkiv/lang-us.lua usedmethod=database
system          >    7: filename=/home/vince/projects/resume_vince/output/resume.tex foundname=/home/vince/projects/resume_vince/output/resume.tex fullname=/home/vince/projects/resume_vince/output/resume.tex usedmethod=direct
system          >    8: filename=type-imp-texgyre.mkiv filetype=tex foundname=/usr/share/texmf-dist/tex/context/fonts/mkiv/type-imp-texgyre.mkiv fullname=/usr/share/texmf-dist/tex/context/fonts/mkiv/type-imp-texgyre.mkiv usedmethod=database
system          >    9: filename=lm.lfg filetype=tex foundname=/usr/share/texmf-dist/tex/context/fonts/mkiv/lm.lfg fullname=/usr/share/texmf-dist/tex/context/fonts/mkiv/lm.lfg usedmethod=database
system          >   10: filename=texgyreheros-regular filetype=otf format=otf foundname=/usr/share/texmf-dist/fonts/opentype/public/tex-gyre/texgyreheros-regular.otf fullname=/usr/share/texmf-dist/fonts/opentype/public/tex-gyre/texgyreheros-regular.otf usedmethod=database
system          >   11: filename=latinmodern-math.otf filetype=opentypefonts foundname=/usr/share/texmf-dist/fonts/opentype/public/lm-math/latinmodern-math.otf fullname=/usr/share/texmf-dist/fonts/opentype/public/lm-math/latinmodern-math.otf usedmethod=database
system          >   12: filename=texgyreheros-bold filetype=otf format=otf foundname=/usr/share/texmf-dist/fonts/opentype/public/tex-gyre/texgyreheros-bold.otf fullname=/usr/share/texmf-dist/fonts/opentype/public/tex-gyre/texgyreheros-bold.otf usedmethod=database
system          >   13: filename=lpdf-pdx.xml filetype=tex foundname=/usr/share/texmf-dist/tex/context/base/mkiv/lpdf-pdx.xml fullname=/usr/share/texmf-dist/tex/context/base/mkiv/lpdf-pdx.xml usedmethod=database
system          >   14: filename=lmmonolt10-bold filetype=otf format=otf foundname=/usr/share/texmf-dist/fonts/opentype/public/lm/lmmonolt10-bold.otf fullname=/usr/share/texmf-dist/fonts/opentype/public/lm/lmmonolt10-bold.otf usedmethod=database

system          > stop used files


system          > start commandline options

system          > currentrun="3"
system          > fulljobname="./resume.tex"
system          > input="./resume.tex"
system          > kindofrun="2"
system          > maxnofruns="9"
system          > no-parse-first-line="true"

system          > stop commandline options


system          > start commandline files

system          >    1: ./resume.tex

system          > stop commandline files


modules         > start used modules


modules         > stop used modules


mkiv lua stats  > used config file: selfautodir:/share/texmf-dist/web2c/texmfcnf.lua
mkiv lua stats  > used cache path: readable+writable: '/home/vince/.texlive/texmf-var/luatex-cache/context/0399a8df3aef8d154781d0a9c2b8e28d'
mkiv lua stats  > resource resolver: loadtime 0.068 seconds, 0 scans with scantime 0.000 seconds, 0 shared scans, 14 found files, scanned paths: <none>
mkiv lua stats  > stored bytecode data: 410 modules (0.295 sec), 93 tables (0.011 sec), 503 chunks (0.306 sec)
mkiv lua stats  > traced context: maxstack: 1286, freed: 0, unreachable: 1286
mkiv lua stats  > cleaned up reserved nodes: 67 nodes, 9 lists of 453
mkiv lua stats  > node memory usage: 2 glue, 2 kern, 2 penalty, 13 attribute, 50 glue_spec, 4 attribute_list, 2 temp, 2 user_defined
mkiv lua stats  > node list callback tasks: 7 unique task lists, 8 instances (re)created, 1047 calls
mkiv lua stats  > used backend: pdf (backend for directly generating pdf output)
mkiv lua stats  > jobdata time: 0.001 seconds saving, 0.001 seconds loading
mkiv lua stats  > callbacks: internal: 2880, file: 836, direct: 0, late: 0, function 0, total: 3716 (1239 per page)
mkiv lua stats  > randomizer: resumed with value 0.88501382800053
mkiv lua stats  > loaded patterns: en::2, load time: 0.000
mkiv lua stats  > interactive elements: 2 references, 10 destinations
mkiv lua stats  > result saved in file: resume.pdf, compresslevel 3, objectcompresslevel 3
mkiv lua stats  > loaded fonts: 4 files: latinmodern-math.otf, lmmonolt10-bold.otf, texgyreheros-bold.otf, texgyreheros-regular.otf
mkiv lua stats  > font engine: otf 3.103, afm 1.513, tfm 1.000, 10 instances, 4 shared in backend, 0 common vectors, 4 common hashes, load time 0.128 seconds 
mkiv lua stats  > pdf annotations: 2 links (2 unique), 0 special
mkiv lua stats  > used platform: linux-64, type: unix, binary subtree: usr
mkiv lua stats  > used engine: luatex version 1.07 with functionality level 6686, banner: this is luatex, version 1.07.0 (tex live 2018/arch linux)
mkiv lua stats  > control sequences: 46730 of 65536 + 100000
mkiv lua stats  > lua properties: engine: lua 5.2, used memory: 144 MB (ctx: 144 MB), hash type: lua, hash chars: min(64,40), symbol mask: utf (τεχ)
mkiv lua stats  > runtime: 0.576 seconds, 4 processed pages, 4 shipped pages, 6.944 pages/second

